app/build/intermediates/manifest_merge_blame_file/debug/manifest-merger-blame-debug-report.txt
1<?xml version="1.0" encoding="utf-8"?>
2<manifest xmlns:android="http://schemas.android.com/apk/res/android"
3    package="com.example.imagefinder"
4    android:versionCode="1"
5    android:versionName="1.0" >
6
7    <uses-sdk
8        android:minSdkVersion="24"
9        android:targetSdkVersion="33" />
10
11    <uses-permission android:name="android.permission.INTERNET" />
11-->src\main\AndroidManifest.xml:5:5-67
11-->src\main\AndroidManifest.xml:5:22-64
12    <uses-permission android:name="android.permission.READ_MEDIA_VISUAL_USER_SELECTED" />
12-->src\main\AndroidManifest.xml:6:5-90
12-->src\main\AndroidManifest.xml:6:22-87
13    <uses-permission android:name="android.permission.READ_MEDIA_VIDEO" />
13-->src\main\AndroidManifest.xml:7:5-75
13-->src\main\AndroidManifest.xml:7:22-72
14
15    <queries>
15-->[com.auth0.android:auth0:2.11.0] AndroidManifest.xml:14:5-22:15
16        <intent>
16-->[com.auth0.android:auth0:2.11.0] AndroidManifest.xml:15:9-21:18
17            <action android:name="android.intent.action.VIEW" />
17-->[com.auth0.android:auth0:2.11.0] AndroidManifest.xml:16:13-65
17-->[com.auth0.android:auth0:2.11.0] AndroidManifest.xml:16:21-62
18
19            <category android:name="android.intent.category.BROWSABLE" />
19-->[com.auth0.android:auth0:2.11.0] AndroidManifest.xml:18:13-74
19-->[com.auth0.android:auth0:2.11.0] AndroidManifest.xml:18:23-71
20
21            <data android:scheme="https" />
21-->[com.auth0.android:auth0:2.11.0] AndroidManifest.xml:20:13-44
21-->[com.auth0.android:auth0:2.11.0] AndroidManifest.xml:20:19-41
22        </intent>
23    </queries>
24
25    <uses-permission android:name="android.permission.WAKE_LOCK" />
25-->[androidx.work:work-runtime:2.8.0] AndroidManifest.xml:23:5-68
25-->[androidx.work:work-runtime:2.8.0] AndroidManifest.xml:23:22-65
26    <uses-permission android:name="android.permission.ACCESS_NETWORK_STATE" />
26-->[androidx.work:work-runtime:2.8.0] AndroidManifest.xml:24:5-79
26-->[androidx.work:work-runtime:2.8.0] AndroidManifest.xml:24:22-76
27    <uses-permission android:name="android.permission.RECEIVE_BOOT_COMPLETED" />
27-->[androidx.work:work-runtime:2.8.0] AndroidManifest.xml:25:5-81
27-->[androidx.work:work-runtime:2.8.0] AndroidManifest.xml:25:22-78
28    <uses-permission android:name="android.permission.FOREGROUND_SERVICE" />
28-->[androidx.work:work-runtime:2.8.0] AndroidManifest.xml:26:5-77
28-->[androidx.work:work-runtime:2.8.0] AndroidManifest.xml:26:22-74
29
30    <permission
30-->[androidx.core:core:1.12.0] AndroidManifest.xml:22:5-24:47
31        android:name="com.example.imagefinder.DYNAMIC_RECEIVER_NOT_EXPORTED_PERMISSION"
31-->[androidx.core:core:1.12.0] AndroidManifest.xml:23:9-81
32        android:protectionLevel="signature" />
32-->[androidx.core:core:1.12.0] AndroidManifest.xml:24:9-44
33
34    <uses-permission android:name="com.example.imagefinder.DYNAMIC_RECEIVER_NOT_EXPORTED_PERMISSION" />
34-->[androidx.core:core:1.12.0] AndroidManifest.xml:26:5-97
34-->[androidx.core:core:1.12.0] AndroidManifest.xml:26:22-94
35
36    <application
36-->src\main\AndroidManifest.xml:9:5-45:19
37        android:name="com.example.imagefinder.ImageApplication"
37-->src\main\AndroidManifest.xml:10:9-41
38        android:allowBackup="true"
38-->src\main\AndroidManifest.xml:11:9-35
39        android:appComponentFactory="androidx.core.app.CoreComponentFactory"
39-->[androidx.core:core:1.12.0] AndroidManifest.xml:28:18-86
40        android:dataExtractionRules="@xml/data_extraction_rules"
40-->src\main\AndroidManifest.xml:12:9-65
41        android:debuggable="true"
42        android:extractNativeLibs="false"
43        android:fullBackupContent="@xml/backup_rules"
43-->src\main\AndroidManifest.xml:13:9-54
44        android:icon="@mipmap/ic_launcher"
44-->src\main\AndroidManifest.xml:14:9-43
45        android:label="@string/app_name"
45-->src\main\AndroidManifest.xml:15:9-41
46        android:roundIcon="@mipmap/ic_launcher_round"
46-->src\main\AndroidManifest.xml:16:9-54
47        android:supportsRtl="true"
47-->src\main\AndroidManifest.xml:17:9-35
48        android:theme="@style/ImageFinder" >
48-->src\main\AndroidManifest.xml:18:9-43
49        <activity
49-->src\main\AndroidManifest.xml:20:9-22:40
50            android:name="com.example.imagefinder.ui.DeepfakeActivity"
50-->src\main\AndroidManifest.xml:21:13-48
51            android:exported="false" />
51-->src\main\AndroidManifest.xml:22:13-37
52        <activity
52-->src\main\AndroidManifest.xml:23:9-25:40
53            android:name="com.example.imagefinder.ui.LoginActivity"
53-->src\main\AndroidManifest.xml:24:13-45
54            android:exported="false" />
54-->src\main\AndroidManifest.xml:25:13-37
55        <activity
55-->src\main\AndroidManifest.xml:26:9-28:40
56            android:name="com.example.imagefinder.ui.PlagiarismActivity"
56-->src\main\AndroidManifest.xml:27:13-50
57            android:exported="false" />
57-->src\main\AndroidManifest.xml:28:13-37
58        <activity
58-->src\main\AndroidManifest.xml:29:9-31:40
59            android:name="com.example.imagefinder.ui.CategorySelectionActivity"
59-->src\main\AndroidManifest.xml:30:13-57
60            android:exported="false" />
60-->src\main\AndroidManifest.xml:31:13-37
61        <activity
61-->src\main\AndroidManifest.xml:32:9-40:20
62            android:name="com.example.imagefinder.ui.SignUpActivity"
62-->src\main\AndroidManifest.xml:33:13-46
63            android:exported="true"
63-->src\main\AndroidManifest.xml:34:13-36
64            android:theme="@style/Theme.AppCompat.NoActionBar" >
64-->src\main\AndroidManifest.xml:35:13-63
65            <intent-filter>
65-->src\main\AndroidManifest.xml:36:13-39:29
66                <action android:name="android.intent.action.MAIN" />
66-->src\main\AndroidManifest.xml:37:17-69
66-->src\main\AndroidManifest.xml:37:25-66
67
68                <category android:name="android.intent.category.LAUNCHER" />
68-->src\main\AndroidManifest.xml:38:17-77
68-->src\main\AndroidManifest.xml:38:27-74
69            </intent-filter>
70        </activity>
71
72        <meta-data
72-->src\main\AndroidManifest.xml:42:9-44:57
73            android:name="preloaded_fonts"
73-->src\main\AndroidManifest.xml:43:13-43
74            android:resource="@array/preloaded_fonts" />
74-->src\main\AndroidManifest.xml:44:13-54
75
76        <activity
76-->[com.auth0.android:auth0:2.11.0] AndroidManifest.xml:25:9-30:75
77            android:name="com.auth0.android.provider.AuthenticationActivity"
77-->[com.auth0.android:auth0:2.11.0] AndroidManifest.xml:26:13-77
78            android:configChanges="screenSize|smallestScreenSize|screenLayout|orientation|keyboard|keyboardHidden"
78-->[com.auth0.android:auth0:2.11.0] AndroidManifest.xml:27:13-115
79            android:exported="false"
79-->[com.auth0.android:auth0:2.11.0] AndroidManifest.xml:28:13-37
80            android:launchMode="singleTask"
80-->[com.auth0.android:auth0:2.11.0] AndroidManifest.xml:29:13-44
81            android:theme="@android:style/Theme.Translucent.NoTitleBar" />
81-->[com.auth0.android:auth0:2.11.0] AndroidManifest.xml:30:13-72
82        <activity
82-->[com.auth0.android:auth0:2.11.0] AndroidManifest.xml:31:9-47:20
83            android:name="com.auth0.android.provider.RedirectActivity"
83-->[com.auth0.android:auth0:2.11.0] AndroidManifest.xml:32:13-71
84            android:exported="true" >
84-->[com.auth0.android:auth0:2.11.0] AndroidManifest.xml:33:13-36
85            <intent-filter android:autoVerify="true" >
85-->[com.auth0.android:auth0:2.11.0] AndroidManifest.xml:34:13-46:29
85-->[com.auth0.android:auth0:2.11.0] AndroidManifest.xml:35:17-42
86                <action android:name="android.intent.action.VIEW" />
86-->[com.auth0.android:auth0:2.11.0] AndroidManifest.xml:16:13-65
86-->[com.auth0.android:auth0:2.11.0] AndroidManifest.xml:16:21-62
87
88                <category android:name="android.intent.category.DEFAULT" />
88-->[com.auth0.android:auth0:2.11.0] AndroidManifest.xml:39:17-76
88-->[com.auth0.android:auth0:2.11.0] AndroidManifest.xml:39:27-73
89                <category android:name="android.intent.category.BROWSABLE" />
89-->[com.auth0.android:auth0:2.11.0] AndroidManifest.xml:18:13-74
89-->[com.auth0.android:auth0:2.11.0] AndroidManifest.xml:18:23-71
90
91                <data
91-->[com.auth0.android:auth0:2.11.0] AndroidManifest.xml:20:13-44
92                    android:host="dev-0m2h6rhg8jvggqmu.us.auth0.com"
93                    android:pathPrefix="/android/com.example.imagefinder/callback"
94                    android:scheme="demo" />
94-->[com.auth0.android:auth0:2.11.0] AndroidManifest.xml:20:19-41
95            </intent-filter>
96        </activity>
97        <activity
97-->[androidx.compose.ui:ui-tooling-android:1.6.5] AndroidManifest.xml:23:9-25:39
98            android:name="androidx.compose.ui.tooling.PreviewActivity"
98-->[androidx.compose.ui:ui-tooling-android:1.6.5] AndroidManifest.xml:24:13-71
99            android:exported="true" />
99-->[androidx.compose.ui:ui-tooling-android:1.6.5] AndroidManifest.xml:25:13-36
100
101        <provider
101-->[androidx.work:work-runtime:2.8.0] AndroidManifest.xml:29:9-37:20
102            android:name="androidx.startup.InitializationProvider"
102-->[androidx.work:work-runtime:2.8.0] AndroidManifest.xml:30:13-67
103            android:authorities="com.example.imagefinder.androidx-startup"
103-->[androidx.work:work-runtime:2.8.0] AndroidManifest.xml:31:13-68
104            android:exported="false" >
104-->[androidx.work:work-runtime:2.8.0] AndroidManifest.xml:32:13-37
105            <meta-data
105-->[androidx.work:work-runtime:2.8.0] AndroidManifest.xml:34:13-36:52
106                android:name="androidx.work.WorkManagerInitializer"
106-->[androidx.work:work-runtime:2.8.0] AndroidManifest.xml:35:17-68
107                android:value="androidx.startup" />
107-->[androidx.work:work-runtime:2.8.0] AndroidManifest.xml:36:17-49
108            <meta-data
108-->[androidx.emoji2:emoji2:1.3.0] AndroidManifest.xml:29:13-31:52
109                android:name="androidx.emoji2.text.EmojiCompatInitializer"
109-->[androidx.emoji2:emoji2:1.3.0] AndroidManifest.xml:30:17-75
110                android:value="androidx.startup" />
110-->[androidx.emoji2:emoji2:1.3.0] AndroidManifest.xml:31:17-49
111            <meta-data
111-->[androidx.lifecycle:lifecycle-process:2.7.0] AndroidManifest.xml:29:13-31:52
112                android:name="androidx.lifecycle.ProcessLifecycleInitializer"
112-->[androidx.lifecycle:lifecycle-process:2.7.0] AndroidManifest.xml:30:17-78
113                android:value="androidx.startup" />
113-->[androidx.lifecycle:lifecycle-process:2.7.0] AndroidManifest.xml:31:17-49
114            <meta-data
114-->[androidx.profileinstaller:profileinstaller:1.3.1] AndroidManifest.xml:29:13-31:52
115                android:name="androidx.profileinstaller.ProfileInstallerInitializer"
115-->[androidx.profileinstaller:profileinstaller:1.3.1] AndroidManifest.xml:30:17-85
116                android:value="androidx.startup" />
116-->[androidx.profileinstaller:profileinstaller:1.3.1] AndroidManifest.xml:31:17-49
117        </provider>
118
119        <service
119-->[androidx.work:work-runtime:2.8.0] AndroidManifest.xml:39:9-45:35
120            android:name="androidx.work.impl.background.systemalarm.SystemAlarmService"
120-->[androidx.work:work-runtime:2.8.0] AndroidManifest.xml:40:13-88
121            android:directBootAware="false"
121-->[androidx.work:work-runtime:2.8.0] AndroidManifest.xml:41:13-44
122            android:enabled="@bool/enable_system_alarm_service_default"
122-->[androidx.work:work-runtime:2.8.0] AndroidManifest.xml:42:13-72
123            android:exported="false" />
123-->[androidx.work:work-runtime:2.8.0] AndroidManifest.xml:43:13-37
124        <service
124-->[androidx.work:work-runtime:2.8.0] AndroidManifest.xml:46:9-52:35
125            android:name="androidx.work.impl.background.systemjob.SystemJobService"
125-->[androidx.work:work-runtime:2.8.0] AndroidManifest.xml:47:13-84
126            android:directBootAware="false"
126-->[androidx.work:work-runtime:2.8.0] AndroidManifest.xml:48:13-44
127            android:enabled="@bool/enable_system_job_service_default"
127-->[androidx.work:work-runtime:2.8.0] AndroidManifest.xml:49:13-70
128            android:exported="true"
128-->[androidx.work:work-runtime:2.8.0] AndroidManifest.xml:50:13-36
129            android:permission="android.permission.BIND_JOB_SERVICE" />
129-->[androidx.work:work-runtime:2.8.0] AndroidManifest.xml:51:13-69
130        <service
130-->[androidx.work:work-runtime:2.8.0] AndroidManifest.xml:53:9-59:35
131            android:name="androidx.work.impl.foreground.SystemForegroundService"
131-->[androidx.work:work-runtime:2.8.0] AndroidManifest.xml:54:13-81
132            android:directBootAware="false"
132-->[androidx.work:work-runtime:2.8.0] AndroidManifest.xml:55:13-44
133            android:enabled="@bool/enable_system_foreground_service_default"
133-->[androidx.work:work-runtime:2.8.0] AndroidManifest.xml:56:13-77
134            android:exported="false" />
134-->[androidx.work:work-runtime:2.8.0] AndroidManifest.xml:57:13-37
135
136        <receiver
136-->[androidx.work:work-runtime:2.8.0] AndroidManifest.xml:61:9-66:35
137            android:name="androidx.work.impl.utils.ForceStopRunnable$BroadcastReceiver"
137-->[androidx.work:work-runtime:2.8.0] AndroidManifest.xml:62:13-88
138            android:directBootAware="false"
138-->[androidx.work:work-runtime:2.8.0] AndroidManifest.xml:63:13-44
139            android:enabled="true"
139-->[androidx.work:work-runtime:2.8.0] AndroidManifest.xml:64:13-35
140            android:exported="false" />
140-->[androidx.work:work-runtime:2.8.0] AndroidManifest.xml:65:13-37
141        <receiver
141-->[androidx.work:work-runtime:2.8.0] AndroidManifest.xml:67:9-77:20
142            android:name="androidx.work.impl.background.systemalarm.ConstraintProxy$BatteryChargingProxy"
142-->[androidx.work:work-runtime:2.8.0] AndroidManifest.xml:68:13-106
143            android:directBootAware="false"
143-->[androidx.work:work-runtime:2.8.0] AndroidManifest.xml:69:13-44
144            android:enabled="false"
144-->[androidx.work:work-runtime:2.8.0] AndroidManifest.xml:70:13-36
145            android:exported="false" >
145-->[androidx.work:work-runtime:2.8.0] AndroidManifest.xml:71:13-37
146            <intent-filter>
146-->[androidx.work:work-runtime:2.8.0] AndroidManifest.xml:73:13-76:29
147                <action android:name="android.intent.action.ACTION_POWER_CONNECTED" />
147-->[androidx.work:work-runtime:2.8.0] AndroidManifest.xml:74:17-87
147-->[androidx.work:work-runtime:2.8.0] AndroidManifest.xml:74:25-84
148                <action android:name="android.intent.action.ACTION_POWER_DISCONNECTED" />
148-->[androidx.work:work-runtime:2.8.0] AndroidManifest.xml:75:17-90
148-->[androidx.work:work-runtime:2.8.0] AndroidManifest.xml:75:25-87
149            </intent-filter>
150        </receiver>
151        <receiver
151-->[androidx.work:work-runtime:2.8.0] AndroidManifest.xml:78:9-88:20
152            android:name="androidx.work.impl.background.systemalarm.ConstraintProxy$BatteryNotLowProxy"
152-->[androidx.work:work-runtime:2.8.0] AndroidManifest.xml:79:13-104
153            android:directBootAware="false"
153-->[androidx.work:work-runtime:2.8.0] AndroidManifest.xml:80:13-44
154            android:enabled="false"
154-->[androidx.work:work-runtime:2.8.0] AndroidManifest.xml:81:13-36
155            android:exported="false" >
155-->[androidx.work:work-runtime:2.8.0] AndroidManifest.xml:82:13-37
156            <intent-filter>
156-->[androidx.work:work-runtime:2.8.0] AndroidManifest.xml:84:13-87:29
157                <action android:name="android.intent.action.BATTERY_OKAY" />
157-->[androidx.work:work-runtime:2.8.0] AndroidManifest.xml:85:17-77
157-->[androidx.work:work-runtime:2.8.0] AndroidManifest.xml:85:25-74
158                <action android:name="android.intent.action.BATTERY_LOW" />
158-->[androidx.work:work-runtime:2.8.0] AndroidManifest.xml:86:17-76
158-->[androidx.work:work-runtime:2.8.0] AndroidManifest.xml:86:25-73
159            </intent-filter>
160        </receiver>
161        <receiver
161-->[androidx.work:work-runtime:2.8.0] AndroidManifest.xml:89:9-99:20
162            android:name="androidx.work.impl.background.systemalarm.ConstraintProxy$StorageNotLowProxy"
162-->[androidx.work:work-runtime:2.8.0] AndroidManifest.xml:90:13-104
163            android:directBootAware="false"
163-->[androidx.work:work-runtime:2.8.0] AndroidManifest.xml:91:13-44
164            android:enabled="false"
164-->[androidx.work:work-runtime:2.8.0] AndroidManifest.xml:92:13-36
165            android:exported="false" >
165-->[androidx.work:work-runtime:2.8.0] AndroidManifest.xml:93:13-37
166            <intent-filter>
166-->[androidx.work:work-runtime:2.8.0] AndroidManifest.xml:95:13-98:29
167                <action android:name="android.intent.action.DEVICE_STORAGE_LOW" />
167-->[androidx.work:work-runtime:2.8.0] AndroidManifest.xml:96:17-83
167-->[androidx.work:work-runtime:2.8.0] AndroidManifest.xml:96:25-80
168                <action android:name="android.intent.action.DEVICE_STORAGE_OK" />
168-->[androidx.work:work-runtime:2.8.0] AndroidManifest.xml:97:17-82
168-->[androidx.work:work-runtime:2.8.0] AndroidManifest.xml:97:25-79
169            </intent-filter>
170        </receiver>
171        <receiver
171-->[androidx.work:work-runtime:2.8.0] AndroidManifest.xml:100:9-109:20
172            android:name="androidx.work.impl.background.systemalarm.ConstraintProxy$NetworkStateProxy"
172-->[androidx.work:work-runtime:2.8.0] AndroidManifest.xml:101:13-103
173            android:directBootAware="false"
173-->[androidx.work:work-runtime:2.8.0] AndroidManifest.xml:102:13-44
174            android:enabled="false"
174-->[androidx.work:work-runtime:2.8.0] AndroidManifest.xml:103:13-36
175            android:exported="false" >
175-->[androidx.work:work-runtime:2.8.0] AndroidManifest.xml:104:13-37
176            <intent-filter>
176-->[androidx.work:work-runtime:2.8.0] AndroidManifest.xml:106:13-108:29
177                <action android:name="android.net.conn.CONNECTIVITY_CHANGE" />
177-->[androidx.work:work-runtime:2.8.0] AndroidManifest.xml:107:17-79
177-->[androidx.work:work-runtime:2.8.0] AndroidManifest.xml:107:25-76
178            </intent-filter>
179        </receiver>
180        <receiver
180-->[androidx.work:work-runtime:2.8.0] AndroidManifest.xml:110:9-121:20
181            android:name="androidx.work.impl.background.systemalarm.RescheduleReceiver"
181-->[androidx.work:work-runtime:2.8.0] AndroidManifest.xml:111:13-88
182            android:directBootAware="false"
182-->[androidx.work:work-runtime:2.8.0] AndroidManifest.xml:112:13-44
183            android:enabled="false"
183-->[androidx.work:work-runtime:2.8.0] AndroidManifest.xml:113:13-36
184            android:exported="false" >
184-->[androidx.work:work-runtime:2.8.0] AndroidManifest.xml:114:13-37
185            <intent-filter>
185-->[androidx.work:work-runtime:2.8.0] AndroidManifest.xml:116:13-120:29
186                <action android:name="android.intent.action.BOOT_COMPLETED" />
186-->[androidx.work:work-runtime:2.8.0] AndroidManifest.xml:117:17-79
186-->[androidx.work:work-runtime:2.8.0] AndroidManifest.xml:117:25-76
187                <action android:name="android.intent.action.TIME_SET" />
187-->[androidx.work:work-runtime:2.8.0] AndroidManifest.xml:118:17-73
187-->[androidx.work:work-runtime:2.8.0] AndroidManifest.xml:118:25-70
188                <action android:name="android.intent.action.TIMEZONE_CHANGED" />
188-->[androidx.work:work-runtime:2.8.0] AndroidManifest.xml:119:17-81
188-->[androidx.work:work-runtime:2.8.0] AndroidManifest.xml:119:25-78
189            </intent-filter>
190        </receiver>
191        <receiver
191-->[androidx.work:work-runtime:2.8.0] AndroidManifest.xml:122:9-131:20
192            android:name="androidx.work.impl.background.systemalarm.ConstraintProxyUpdateReceiver"
192-->[androidx.work:work-runtime:2.8.0] AndroidManifest.xml:123:13-99
193            android:directBootAware="false"
193-->[androidx.work:work-runtime:2.8.0] AndroidManifest.xml:124:13-44
194            android:enabled="@bool/enable_system_alarm_service_default"
194-->[androidx.work:work-runtime:2.8.0] AndroidManifest.xml:125:13-72
195            android:exported="false" >
195-->[androidx.work:work-runtime:2.8.0] AndroidManifest.xml:126:13-37
196            <intent-filter>
196-->[androidx.work:work-runtime:2.8.0] AndroidManifest.xml:128:13-130:29
197                <action android:name="androidx.work.impl.background.systemalarm.UpdateProxies" />
197-->[androidx.work:work-runtime:2.8.0] AndroidManifest.xml:129:17-98
197-->[androidx.work:work-runtime:2.8.0] AndroidManifest.xml:129:25-95
198            </intent-filter>
199        </receiver>
200        <receiver
200-->[androidx.work:work-runtime:2.8.0] AndroidManifest.xml:132:9-142:20
201            android:name="androidx.work.impl.diagnostics.DiagnosticsReceiver"
201-->[androidx.work:work-runtime:2.8.0] AndroidManifest.xml:133:13-78
202            android:directBootAware="false"
202-->[androidx.work:work-runtime:2.8.0] AndroidManifest.xml:134:13-44
203            android:enabled="true"
203-->[androidx.work:work-runtime:2.8.0] AndroidManifest.xml:135:13-35
204            android:exported="true"
204-->[androidx.work:work-runtime:2.8.0] AndroidManifest.xml:136:13-36
205            android:permission="android.permission.DUMP" >
205-->[androidx.work:work-runtime:2.8.0] AndroidManifest.xml:137:13-57
206            <intent-filter>
206-->[androidx.work:work-runtime:2.8.0] AndroidManifest.xml:139:13-141:29
207                <action android:name="androidx.work.diagnostics.REQUEST_DIAGNOSTICS" />
207-->[androidx.work:work-runtime:2.8.0] AndroidManifest.xml:140:17-88
207-->[androidx.work:work-runtime:2.8.0] AndroidManifest.xml:140:25-85
208            </intent-filter>
209        </receiver>
210
211        <activity
211-->[androidx.compose.ui:ui-test-manifest:1.6.5] AndroidManifest.xml:23:9-25:39
212            android:name="androidx.activity.ComponentActivity"
212-->[androidx.compose.ui:ui-test-manifest:1.6.5] AndroidManifest.xml:24:13-63
213            android:exported="true" />
213-->[androidx.compose.ui:ui-test-manifest:1.6.5] AndroidManifest.xml:25:13-36
214
215        <service
215-->[androidx.room:room-runtime:2.5.0] AndroidManifest.xml:24:9-28:63
216            android:name="androidx.room.MultiInstanceInvalidationService"
216-->[androidx.room:room-runtime:2.5.0] AndroidManifest.xml:25:13-74
217            android:directBootAware="true"
217-->[androidx.room:room-runtime:2.5.0] AndroidManifest.xml:26:13-43
218            android:exported="false" />
218-->[androidx.room:room-runtime:2.5.0] AndroidManifest.xml:27:13-37
219
220        <receiver
220-->[androidx.profileinstaller:profileinstaller:1.3.1] AndroidManifest.xml:34:9-52:20
221            android:name="androidx.profileinstaller.ProfileInstallReceiver"
221-->[androidx.profileinstaller:profileinstaller:1.3.1] AndroidManifest.xml:35:13-76
222            android:directBootAware="false"
222-->[androidx.profileinstaller:profileinstaller:1.3.1] AndroidManifest.xml:36:13-44
223            android:enabled="true"
223-->[androidx.profileinstaller:profileinstaller:1.3.1] AndroidManifest.xml:37:13-35
224            android:exported="true"
224-->[androidx.profileinstaller:profileinstaller:1.3.1] AndroidManifest.xml:38:13-36
225            android:permission="android.permission.DUMP" >
225-->[androidx.profileinstaller:profileinstaller:1.3.1] AndroidManifest.xml:39:13-57
226            <intent-filter>
226-->[androidx.profileinstaller:profileinstaller:1.3.1] AndroidManifest.xml:40:13-42:29
227                <action android:name="androidx.profileinstaller.action.INSTALL_PROFILE" />
227-->[androidx.profileinstaller:profileinstaller:1.3.1] AndroidManifest.xml:41:17-91
227-->[androidx.profileinstaller:profileinstaller:1.3.1] AndroidManifest.xml:41:25-88
228            </intent-filter>
229            <intent-filter>
229-->[androidx.profileinstaller:profileinstaller:1.3.1] AndroidManifest.xml:43:13-45:29
230                <action android:name="androidx.profileinstaller.action.SKIP_FILE" />
230-->[androidx.profileinstaller:profileinstaller:1.3.1] AndroidManifest.xml:44:17-85
230-->[androidx.profileinstaller:profileinstaller:1.3.1] AndroidManifest.xml:44:25-82
231            </intent-filter>
232            <intent-filter>
232-->[androidx.profileinstaller:profileinstaller:1.3.1] AndroidManifest.xml:46:13-48:29
233                <action android:name="androidx.profileinstaller.action.SAVE_PROFILE" />
233-->[androidx.profileinstaller:profileinstaller:1.3.1] AndroidManifest.xml:47:17-88
233-->[androidx.profileinstaller:profileinstaller:1.3.1] AndroidManifest.xml:47:25-85
234            </intent-filter>
235            <intent-filter>
235-->[androidx.profileinstaller:profileinstaller:1.3.1] AndroidManifest.xml:49:13-51:29
236                <action android:name="androidx.profileinstaller.action.BENCHMARK_OPERATION" />
236-->[androidx.profileinstaller:profileinstaller:1.3.1] AndroidManifest.xml:50:17-95
236-->[androidx.profileinstaller:profileinstaller:1.3.1] AndroidManifest.xml:50:25-92
237            </intent-filter>
238        </receiver>
239    </application>
240
241</manifest>